Using pre-set license
Built from '2020.2/release' branch; Version is '2020.2.1f1 (270dd8c3da1c) revision 2559448'; Using compiler version '192528614'; Build Type 'Release'
OS: 'Windows 10  (10.0.0) 64bit' Language: 'en' Physical Memory: 16182 MB
BatchMode: 1, IsHumanControllingUs: 0, StartBugReporterOnCrash: 0, Is64bit: 1, IsPro: 0

 COMMAND LINE ARGUMENTS:
C:\Program Files\2020.2.1f1\Editor\Unity.exe
-adb2
-batchMode
-noUpm
-name
AssetImportWorker0
-projectPath
C:/Users/vilik/Documents/hamk/extras/xamk/johdatus-peliohjelmointiin/pelit/garden-of-gods-2
-logFile
Logs/AssetImportWorker0.log
-srvPort
55243
Successfully changed project path to: C:/Users/vilik/Documents/hamk/extras/xamk/johdatus-peliohjelmointiin/pelit/garden-of-gods-2
C:/Users/vilik/Documents/hamk/extras/xamk/johdatus-peliohjelmointiin/pelit/garden-of-gods-2
Using Asset Import Pipeline V2.
Refreshing native plugins compatible for Editor in 67.41 ms, found 1 plugins.
Preloading 0 native plugins for Editor in 0.00 ms.
Initialize engine version: 2020.2.1f1 (270dd8c3da1c)
[Subsystems] Discovering subsystems at path C:/Program Files/2020.2.1f1/Editor/Data/Resources/UnitySubsystems
[Subsystems] Discovering subsystems at path C:/Users/vilik/Documents/hamk/extras/xamk/johdatus-peliohjelmointiin/pelit/garden-of-gods-2/Assets
GfxDevice: creating device client; threaded=0
Direct3D:
    Version:  Direct3D 11.0 [level 11.1]
    Renderer: NVIDIA GeForce GTX 1650 with Max-Q Design (ID=0x1f91)
    Vendor:   
    VRAM:     3964 MB
    Driver:   27.21.14.6259
Shader 'Universal Render Pipeline/Particles/Lit': fallback shader 'Universal Render Pipeline/Particles/SimpleLit' not found
Initialize mono
Mono path[0] = 'C:/Program Files/2020.2.1f1/Editor/Data/Managed'
Mono path[1] = 'C:/Program Files/2020.2.1f1/Editor/Data/MonoBleedingEdge/lib/mono/unityjit'
Mono config path = 'C:/Program Files/2020.2.1f1/Editor/Data/MonoBleedingEdge/etc'
Using monoOptions --debugger-agent=transport=dt_socket,embedding=1,server=y,suspend=n,address=127.0.0.1:56480
Begin MonoManager ReloadAssembly
Registering precompiled unity dll's ...
Register platform support module: C:/Program Files/2020.2.1f1/Editor/Data/PlaybackEngines/WebGLSupport/UnityEditor.WebGL.Extensions.dll
Register platform support module: C:/Program Files/2020.2.1f1/Editor/Data/PlaybackEngines/WindowsStandaloneSupport/UnityEditor.WindowsStandalone.Extensions.dll
Registered in 0.001750 seconds.
Native extension for WindowsStandalone target not found
Native extension for WebGL target not found
Refreshing native plugins compatible for Editor in 80.72 ms, found 1 plugins.
Preloading 0 native plugins for Editor in 0.00 ms.
Invoked RoslynAnalysisRunner static constructor.
RoslynAnalysisRunner will not be running.
RoslynAnalysisRunner has terminated.
Mono: successfully reloaded assembly
- Completed reload, in  1.211 seconds
Platform modules already initialized, skipping
Registering precompiled user dll's ...
Registered in 0.001905 seconds.
Begin MonoManager ReloadAssembly
Native extension for WindowsStandalone target not found
Native extension for WebGL target not found
Refreshing native plugins compatible for Editor in 74.89 ms, found 1 plugins.
Preloading 0 native plugins for Editor in 0.00 ms.
Invoked RoslynAnalysisRunner static constructor.
RoslynAnalysisRunner will not be running.
RoslynAnalysisRunner has terminated.
Mono: successfully reloaded assembly
- Completed reload, in  1.179 seconds
Platform modules already initialized, skipping
========================================================================
Worker process is ready to serve import requests
Shader 'Universal Render Pipeline/Particles/Lit': fallback shader 'Universal Render Pipeline/Particles/SimpleLit' not found
Launched and connected shader compiler UnityShaderCompiler.exe after 0.04 seconds
Refreshing native plugins compatible for Editor in 0.77 ms, found 1 plugins.
Preloading 0 native plugins for Editor in 0.00 ms.
Unloading 3378 Unused Serialized files (Serialized files now loaded: 0)
System memory in use before: 147.9 MB.
System memory in use after: 148.1 MB.

Unloading 26 unused Assets to reduce memory usage. Loaded Objects now: 3827.
Total: 9.774500 ms (FindLiveObjects: 1.767100 ms CreateObjectMapping: 0.934400 ms MarkObjects: 6.835800 ms  DeleteObjects: 0.232100 ms)

========================================================================
Received Import Request.
  path: Assets/Prefabs/player.prefab
  artifactKey: Guid(bd79dc0b1fe20fb47b79559c4c586e28) Importer(815301076,1909f56bfc062723c751e8b465ee728b)
Start importing Assets/Prefabs/player.prefab using Guid(bd79dc0b1fe20fb47b79559c4c586e28) Importer(815301076,1909f56bfc062723c751e8b465ee728b)  -> (artifact id: '7259792459d1118f526214168e0b98fe') in 0.272454 seconds
  Import took 0.284855 seconds .

========================================================================
Received Import Request.
  Time since last request: 66.930923 seconds.
  path: Assets/Objects/Sprites/Materials
  artifactKey: Guid(c017c4077846240409386196181c04f1) Importer(815301076,1909f56bfc062723c751e8b465ee728b)
Start importing Assets/Objects/Sprites/Materials using Guid(c017c4077846240409386196181c04f1) Importer(815301076,1909f56bfc062723c751e8b465ee728b)  -> (artifact id: 'e239df743151c9b1e8e2f00bde9f3ee5') in 0.011763 seconds
  Import took 0.020374 seconds .

========================================================================
Received Prepare
Shader 'Universal Render Pipeline/Particles/Lit': fallback shader 'Universal Render Pipeline/Particles/SimpleLit' not found
Refreshing native plugins compatible for Editor in 2.60 ms, found 1 plugins.
Preloading 0 native plugins for Editor in 0.00 ms.
Unloading 10 Unused Serialized files (Serialized files now loaded: 0)
System memory in use before: 81.1 MB.
System memory in use after: 81.3 MB.

Unloading 10 unused Assets to reduce memory usage. Loaded Objects now: 3893.
Total: 4.918500 ms (FindLiveObjects: 0.494900 ms CreateObjectMapping: 0.287800 ms MarkObjects: 3.954100 ms  DeleteObjects: 0.179300 ms)

========================================================================
Received Prepare
Registering precompiled user dll's ...
Registered in 0.002168 seconds.
Begin MonoManager ReloadAssembly
Native extension for WindowsStandalone target not found
Native extension for WebGL target not found
Refreshing native plugins compatible for Editor in 0.81 ms, found 1 plugins.
Preloading 0 native plugins for Editor in 0.00 ms.
Invoked RoslynAnalysisRunner static constructor.
RoslynAnalysisRunner will not be running.
RoslynAnalysisRunner has terminated.
Mono: successfully reloaded assembly
- Completed reload, in  1.186 seconds
Platform modules already initialized, skipping
Shader 'Universal Render Pipeline/Particles/Lit': fallback shader 'Universal Render Pipeline/Particles/SimpleLit' not found
Refreshing native plugins compatible for Editor in 0.80 ms, found 1 plugins.
Preloading 0 native plugins for Editor in 0.00 ms.
Unloading 3265 Unused Serialized files (Serialized files now loaded: 0)
System memory in use before: 148.5 MB.
System memory in use after: 148.7 MB.

Unloading 13 unused Assets to reduce memory usage. Loaded Objects now: 3875.
Total: 4.542100 ms (FindLiveObjects: 0.415800 ms CreateObjectMapping: 0.342000 ms MarkObjects: 3.685300 ms  DeleteObjects: 0.097400 ms)

========================================================================
Received Prepare
Registering precompiled user dll's ...
Registered in 0.002051 seconds.
Begin MonoManager ReloadAssembly
Native extension for WindowsStandalone target not found
Native extension for WebGL target not found
Refreshing native plugins compatible for Editor in 0.80 ms, found 1 plugins.
Preloading 0 native plugins for Editor in 0.00 ms.
Invoked RoslynAnalysisRunner static constructor.
RoslynAnalysisRunner will not be running.
RoslynAnalysisRunner has terminated.
Mono: successfully reloaded assembly
- Completed reload, in  1.162 seconds
Platform modules already initialized, skipping
Shader 'Universal Render Pipeline/Particles/Lit': fallback shader 'Universal Render Pipeline/Particles/SimpleLit' not found
Refreshing native plugins compatible for Editor in 0.90 ms, found 1 plugins.
Preloading 0 native plugins for Editor in 0.00 ms.
Unloading 3265 Unused Serialized files (Serialized files now loaded: 0)
System memory in use before: 148.3 MB.
System memory in use after: 148.5 MB.

Unloading 13 unused Assets to reduce memory usage. Loaded Objects now: 3878.
Total: 5.004800 ms (FindLiveObjects: 0.931100 ms CreateObjectMapping: 0.270200 ms MarkObjects: 3.691200 ms  DeleteObjects: 0.110000 ms)

========================================================================
Received Prepare
Registering precompiled user dll's ...
Registered in 0.002548 seconds.
Begin MonoManager ReloadAssembly
Native extension for WindowsStandalone target not found
Native extension for WebGL target not found
Refreshing native plugins compatible for Editor in 1.14 ms, found 1 plugins.
Preloading 0 native plugins for Editor in 0.00 ms.
Invoked RoslynAnalysisRunner static constructor.
RoslynAnalysisRunner will not be running.
RoslynAnalysisRunner has terminated.
Mono: successfully reloaded assembly
- Completed reload, in  1.219 seconds
Platform modules already initialized, skipping
Shader 'Universal Render Pipeline/Particles/Lit': fallback shader 'Universal Render Pipeline/Particles/SimpleLit' not found
Refreshing native plugins compatible for Editor in 0.83 ms, found 1 plugins.
Preloading 0 native plugins for Editor in 0.00 ms.
Unloading 3265 Unused Serialized files (Serialized files now loaded: 0)
System memory in use before: 148.6 MB.
System memory in use after: 148.8 MB.

Unloading 13 unused Assets to reduce memory usage. Loaded Objects now: 3881.
Total: 5.172700 ms (FindLiveObjects: 0.661800 ms CreateObjectMapping: 0.574100 ms MarkObjects: 3.813700 ms  DeleteObjects: 0.120900 ms)

========================================================================
Received Prepare
Registering precompiled user dll's ...
Registered in 0.002474 seconds.
Begin MonoManager ReloadAssembly
Native extension for WindowsStandalone target not found
Native extension for WebGL target not found
Refreshing native plugins compatible for Editor in 1.07 ms, found 1 plugins.
Preloading 0 native plugins for Editor in 0.00 ms.
Invoked RoslynAnalysisRunner static constructor.
RoslynAnalysisRunner will not be running.
RoslynAnalysisRunner has terminated.
Mono: successfully reloaded assembly
- Completed reload, in  1.172 seconds
Platform modules already initialized, skipping
Shader 'Universal Render Pipeline/Particles/Lit': fallback shader 'Universal Render Pipeline/Particles/SimpleLit' not found
Refreshing native plugins compatible for Editor in 0.91 ms, found 1 plugins.
Preloading 0 native plugins for Editor in 0.00 ms.
Unloading 3265 Unused Serialized files (Serialized files now loaded: 0)
System memory in use before: 148.6 MB.
System memory in use after: 148.8 MB.

Unloading 13 unused Assets to reduce memory usage. Loaded Objects now: 3884.
Total: 4.363400 ms (FindLiveObjects: 0.611700 ms CreateObjectMapping: 0.252400 ms MarkObjects: 3.389800 ms  DeleteObjects: 0.107900 ms)

========================================================================
Received Import Request.
  Time since last request: 375.332472 seconds.
  path: Assets/Objects/Tiles/BackgroundTiles/Cathedral_43.asset
  artifactKey: Guid(b41bf96c38b4b5a48b91678a2ad5b3cd) Importer(815301076,1909f56bfc062723c751e8b465ee728b)
Start importing Assets/Objects/Tiles/BackgroundTiles/Cathedral_43.asset using Guid(b41bf96c38b4b5a48b91678a2ad5b3cd) Importer(815301076,1909f56bfc062723c751e8b465ee728b)  -> (artifact id: '36a796cd0d8e1e94c7ac2b72e3cbc655') in 0.067606 seconds
  Import took 0.074247 seconds .

========================================================================
Received Import Request.
  Time since last request: 0.000336 seconds.
  path: Assets/Objects/Tiles/BackgroundTiles/Cathedral_47.asset
  artifactKey: Guid(b563aa84323702649bcb526609ad6f35) Importer(815301076,1909f56bfc062723c751e8b465ee728b)
Start importing Assets/Objects/Tiles/BackgroundTiles/Cathedral_47.asset using Guid(b563aa84323702649bcb526609ad6f35) Importer(815301076,1909f56bfc062723c751e8b465ee728b)  -> (artifact id: '8fb3c77692b91740e3704d0fe1cc2327') in 0.018141 seconds
  Import took 0.024360 seconds .

========================================================================
Received Import Request.
  Time since last request: 0.000345 seconds.
  path: Assets/Objects/Tiles/BackgroundTiles/Cathedral_45.asset
  artifactKey: Guid(125633152c0bc2c478be828afc6053b2) Importer(815301076,1909f56bfc062723c751e8b465ee728b)
Start importing Assets/Objects/Tiles/BackgroundTiles/Cathedral_45.asset using Guid(125633152c0bc2c478be828afc6053b2) Importer(815301076,1909f56bfc062723c751e8b465ee728b)  -> (artifact id: '630c9efc0bc55976fc1956ddd805b8fb') in 0.021678 seconds
  Import took 0.027273 seconds .

========================================================================
Received Import Request.
  Time since last request: 0.000334 seconds.
  path: Assets/Objects/Tiles/BackgroundTiles/Cathedral_46.asset
  artifactKey: Guid(6e0d33af0627edc4883c2157c8733dd6) Importer(815301076,1909f56bfc062723c751e8b465ee728b)
Start importing Assets/Objects/Tiles/BackgroundTiles/Cathedral_46.asset using Guid(6e0d33af0627edc4883c2157c8733dd6) Importer(815301076,1909f56bfc062723c751e8b465ee728b)  -> (artifact id: '06fd2680342fe795f7741bd293413e9b') in 0.012607 seconds
  Import took 0.019212 seconds .

========================================================================
Received Import Request.
  Time since last request: 0.000415 seconds.
  path: Assets/Objects/Tiles/BackgroundTiles/Cathedral_49.asset
  artifactKey: Guid(971a975d82b8b5644b2dd8faf31173b7) Importer(815301076,1909f56bfc062723c751e8b465ee728b)
Start importing Assets/Objects/Tiles/BackgroundTiles/Cathedral_49.asset using Guid(971a975d82b8b5644b2dd8faf31173b7) Importer(815301076,1909f56bfc062723c751e8b465ee728b)  -> (artifact id: '1a75c223623353dbfbc1a0f77ec8817f') in 0.014245 seconds
  Import took 0.022836 seconds .

========================================================================
Received Import Request.
  Time since last request: 0.000302 seconds.
  path: Assets/Objects/Tiles/BackgroundTiles/Cathedral_50.asset
  artifactKey: Guid(257ef977f482c21489b0b0c01f7794c7) Importer(815301076,1909f56bfc062723c751e8b465ee728b)
Start importing Assets/Objects/Tiles/BackgroundTiles/Cathedral_50.asset using Guid(257ef977f482c21489b0b0c01f7794c7) Importer(815301076,1909f56bfc062723c751e8b465ee728b)  -> (artifact id: 'b7ed0e4065140d835ec143705fb9f681') in 0.015198 seconds
  Import took 0.021809 seconds .

========================================================================
Received Import Request.
  Time since last request: 0.000316 seconds.
  path: Assets/Objects/Tiles/BackgroundTiles/Cathedral_48.asset
  artifactKey: Guid(ed9d8c4b089a1b3459f87f7fcf7c80e5) Importer(815301076,1909f56bfc062723c751e8b465ee728b)
Start importing Assets/Objects/Tiles/BackgroundTiles/Cathedral_48.asset using Guid(ed9d8c4b089a1b3459f87f7fcf7c80e5) Importer(815301076,1909f56bfc062723c751e8b465ee728b)  -> (artifact id: 'fabf362be542d4e85078516f8cfe1595') in 0.014251 seconds
  Import took 0.023627 seconds .

========================================================================
Received Import Request.
  Time since last request: 0.000397 seconds.
  path: Assets/Objects/Tiles/BackgroundTiles/Cathedral_44.asset
  artifactKey: Guid(ceff572fc473b06458e8f37d9421da4e) Importer(815301076,1909f56bfc062723c751e8b465ee728b)
Start importing Assets/Objects/Tiles/BackgroundTiles/Cathedral_44.asset using Guid(ceff572fc473b06458e8f37d9421da4e) Importer(815301076,1909f56bfc062723c751e8b465ee728b)  -> (artifact id: 'b03ca6c0779a408d2f4dca971f26649b') in 0.014644 seconds
  Import took 0.020504 seconds .

========================================================================
Received Prepare
Registering precompiled user dll's ...
Registered in 0.002300 seconds.
Begin MonoManager ReloadAssembly
Native extension for WindowsStandalone target not found
Native extension for WebGL target not found
Refreshing native plugins compatible for Editor in 0.84 ms, found 1 plugins.
Preloading 0 native plugins for Editor in 0.00 ms.
Invoked RoslynAnalysisRunner static constructor.
RoslynAnalysisRunner will not be running.
RoslynAnalysisRunner has terminated.
Mono: successfully reloaded assembly
- Completed reload, in  1.157 seconds
Platform modules already initialized, skipping
Shader 'Universal Render Pipeline/Particles/Lit': fallback shader 'Universal Render Pipeline/Particles/SimpleLit' not found
Refreshing native plugins compatible for Editor in 0.76 ms, found 1 plugins.
Preloading 0 native plugins for Editor in 0.00 ms.
Unloading 3265 Unused Serialized files (Serialized files now loaded: 0)
System memory in use before: 148.4 MB.
System memory in use after: 148.6 MB.

Unloading 13 unused Assets to reduce memory usage. Loaded Objects now: 3890.
Total: 4.648000 ms (FindLiveObjects: 0.491500 ms CreateObjectMapping: 0.261400 ms MarkObjects: 3.762500 ms  DeleteObjects: 0.130500 ms)

========================================================================
Received Prepare
Registering precompiled user dll's ...
Registered in 0.002336 seconds.
Begin MonoManager ReloadAssembly
Native extension for WindowsStandalone target not found
Native extension for WebGL target not found
Refreshing native plugins compatible for Editor in 0.84 ms, found 1 plugins.
Preloading 0 native plugins for Editor in 0.00 ms.
Invoked RoslynAnalysisRunner static constructor.
RoslynAnalysisRunner will not be running.
RoslynAnalysisRunner has terminated.
Mono: successfully reloaded assembly
- Completed reload, in  1.277 seconds
Platform modules already initialized, skipping
Shader 'Universal Render Pipeline/Particles/Lit': fallback shader 'Universal Render Pipeline/Particles/SimpleLit' not found
Refreshing native plugins compatible for Editor in 0.82 ms, found 1 plugins.
Preloading 0 native plugins for Editor in 0.00 ms.
Unloading 3264 Unused Serialized files (Serialized files now loaded: 0)
System memory in use before: 148.6 MB.
System memory in use after: 148.8 MB.

Unloading 14 unused Assets to reduce memory usage. Loaded Objects now: 3892.
Total: 5.367700 ms (FindLiveObjects: 0.815300 ms CreateObjectMapping: 0.313300 ms MarkObjects: 4.100600 ms  DeleteObjects: 0.136500 ms)

========================================================================
Received Prepare
Registering precompiled user dll's ...
Registered in 0.002089 seconds.
Begin MonoManager ReloadAssembly
Native extension for WindowsStandalone target not found
Native extension for WebGL target not found
Refreshing native plugins compatible for Editor in 0.74 ms, found 1 plugins.
Preloading 0 native plugins for Editor in 0.00 ms.
Invoked RoslynAnalysisRunner static constructor.
RoslynAnalysisRunner will not be running.
RoslynAnalysisRunner has terminated.
Mono: successfully reloaded assembly
- Completed reload, in  1.113 seconds
Platform modules already initialized, skipping
Shader 'Universal Render Pipeline/Particles/Lit': fallback shader 'Universal Render Pipeline/Particles/SimpleLit' not found
Refreshing native plugins compatible for Editor in 0.81 ms, found 1 plugins.
Preloading 0 native plugins for Editor in 0.00 ms.
Unloading 3264 Unused Serialized files (Serialized files now loaded: 0)
System memory in use before: 148.7 MB.
System memory in use after: 148.8 MB.

Unloading 13 unused Assets to reduce memory usage. Loaded Objects now: 3895.
Total: 10.303600 ms (FindLiveObjects: 1.063800 ms CreateObjectMapping: 0.611400 ms MarkObjects: 8.443100 ms  DeleteObjects: 0.181400 ms)

========================================================================
Received Import Request.
  Time since last request: 597.345393 seconds.
  path: Assets/Scripts/Environment/damageToPlayerController.cs
  artifactKey: Guid(69aef18ba1114df49b50e2ab72977afc) Importer(815301076,1909f56bfc062723c751e8b465ee728b)
Start importing Assets/Scripts/Environment/damageToPlayerController.cs using Guid(69aef18ba1114df49b50e2ab72977afc) Importer(815301076,1909f56bfc062723c751e8b465ee728b)  -> (artifact id: '593df9324e0f41f657068d88afc4db6d') in 0.031943 seconds
  Import took 0.041256 seconds .

========================================================================
Received Prepare
Registering precompiled user dll's ...
Registered in 0.002554 seconds.
Begin MonoManager ReloadAssembly
Native extension for WindowsStandalone target not found
Native extension for WebGL target not found
Refreshing native plugins compatible for Editor in 0.81 ms, found 1 plugins.
Preloading 0 native plugins for Editor in 0.00 ms.
Invoked RoslynAnalysisRunner static constructor.
RoslynAnalysisRunner will not be running.
RoslynAnalysisRunner has terminated.
Mono: successfully reloaded assembly
- Completed reload, in  1.489 seconds
Platform modules already initialized, skipping
Shader 'Universal Render Pipeline/Particles/Lit': fallback shader 'Universal Render Pipeline/Particles/SimpleLit' not found
Refreshing native plugins compatible for Editor in 0.90 ms, found 1 plugins.
Preloading 0 native plugins for Editor in 0.00 ms.
Unloading 3265 Unused Serialized files (Serialized files now loaded: 0)
System memory in use before: 148.5 MB.
System memory in use after: 148.7 MB.

Unloading 13 unused Assets to reduce memory usage. Loaded Objects now: 3899.
Total: 3.888200 ms (FindLiveObjects: 0.536100 ms CreateObjectMapping: 0.308600 ms MarkObjects: 2.902700 ms  DeleteObjects: 0.139500 ms)

========================================================================
Received Import Request.
  Time since last request: 388.134721 seconds.
  path: Assets/Scripts/Environment/damageToPlayerController.cs
  artifactKey: Guid(69aef18ba1114df49b50e2ab72977afc) Importer(815301076,1909f56bfc062723c751e8b465ee728b)
Start importing Assets/Scripts/Environment/damageToPlayerController.cs using Guid(69aef18ba1114df49b50e2ab72977afc) Importer(815301076,1909f56bfc062723c751e8b465ee728b)  -> (artifact id: 'fdd835741232be66c1b3ea4e21efd741') in 0.011148 seconds
  Import took 0.022853 seconds .

========================================================================
Received Prepare
Registering precompiled user dll's ...
Registered in 0.001569 seconds.
Begin MonoManager ReloadAssembly
Native extension for WindowsStandalone target not found
Native extension for WebGL target not found
Refreshing native plugins compatible for Editor in 0.79 ms, found 1 plugins.
Preloading 0 native plugins for Editor in 0.00 ms.
Invoked RoslynAnalysisRunner static constructor.
RoslynAnalysisRunner will not be running.
RoslynAnalysisRunner has terminated.
Mono: successfully reloaded assembly
- Completed reload, in  1.166 seconds
Platform modules already initialized, skipping
Shader 'Universal Render Pipeline/Particles/Lit': fallback shader 'Universal Render Pipeline/Particles/SimpleLit' not found
Refreshing native plugins compatible for Editor in 0.97 ms, found 1 plugins.
Preloading 0 native plugins for Editor in 0.00 ms.
Unloading 3265 Unused Serialized files (Serialized files now loaded: 0)
System memory in use before: 148.7 MB.
System memory in use after: 148.9 MB.

Unloading 13 unused Assets to reduce memory usage. Loaded Objects now: 3902.
Total: 4.642300 ms (FindLiveObjects: 1.190300 ms CreateObjectMapping: 0.380400 ms MarkObjects: 2.885900 ms  DeleteObjects: 0.183900 ms)

========================================================================
Received Import Request.
  Time since last request: 179.766326 seconds.
  path: Assets/Scripts/Physics/Controller2D.cs
  artifactKey: Guid(6a66eabd8ee4b4347b53b870b4cab63f) Importer(815301076,1909f56bfc062723c751e8b465ee728b)
Start importing Assets/Scripts/Physics/Controller2D.cs using Guid(6a66eabd8ee4b4347b53b870b4cab63f) Importer(815301076,1909f56bfc062723c751e8b465ee728b)  -> (artifact id: '8d9c5410aeeb4bafa294dbfe746a46ff') in 0.014868 seconds
  Import took 0.021338 seconds .

========================================================================
Received Prepare
Registering precompiled user dll's ...
Registered in 0.002141 seconds.
Begin MonoManager ReloadAssembly
Native extension for WindowsStandalone target not found
Native extension for WebGL target not found
Refreshing native plugins compatible for Editor in 0.79 ms, found 1 plugins.
Preloading 0 native plugins for Editor in 0.00 ms.
Invoked RoslynAnalysisRunner static constructor.
RoslynAnalysisRunner will not be running.
RoslynAnalysisRunner has terminated.
Mono: successfully reloaded assembly
- Completed reload, in  1.223 seconds
Platform modules already initialized, skipping
Shader 'Universal Render Pipeline/Particles/Lit': fallback shader 'Universal Render Pipeline/Particles/SimpleLit' not found
Refreshing native plugins compatible for Editor in 0.80 ms, found 1 plugins.
Preloading 0 native plugins for Editor in 0.00 ms.
Unloading 3265 Unused Serialized files (Serialized files now loaded: 0)
System memory in use before: 148.7 MB.
System memory in use after: 148.9 MB.

Unloading 13 unused Assets to reduce memory usage. Loaded Objects now: 3905.
Total: 4.464400 ms (FindLiveObjects: 0.857900 ms CreateObjectMapping: 0.313500 ms MarkObjects: 3.114600 ms  DeleteObjects: 0.176700 ms)

========================================================================
Received Import Request.
  Time since last request: 303.314953 seconds.
  path: Assets/Scripts/Environment/damageToPlayerController.cs
  artifactKey: Guid(69aef18ba1114df49b50e2ab72977afc) Importer(815301076,1909f56bfc062723c751e8b465ee728b)
Start importing Assets/Scripts/Environment/damageToPlayerController.cs using Guid(69aef18ba1114df49b50e2ab72977afc) Importer(815301076,1909f56bfc062723c751e8b465ee728b)  -> (artifact id: 'd6b18597c4ef2756a5cc1b363e4433e3') in 0.011762 seconds
  Import took 0.019330 seconds .

========================================================================
Received Prepare
Registering precompiled user dll's ...
Registered in 0.001706 seconds.
Begin MonoManager ReloadAssembly
Native extension for WindowsStandalone target not found
Native extension for WebGL target not found
Refreshing native plugins compatible for Editor in 1.31 ms, found 1 plugins.
Preloading 0 native plugins for Editor in 0.00 ms.
Invoked RoslynAnalysisRunner static constructor.
RoslynAnalysisRunner will not be running.
RoslynAnalysisRunner has terminated.
Mono: successfully reloaded assembly
- Completed reload, in  1.215 seconds
Platform modules already initialized, skipping
Shader 'Universal Render Pipeline/Particles/Lit': fallback shader 'Universal Render Pipeline/Particles/SimpleLit' not found
Refreshing native plugins compatible for Editor in 0.92 ms, found 1 plugins.
Preloading 0 native plugins for Editor in 0.00 ms.
Unloading 3265 Unused Serialized files (Serialized files now loaded: 0)
System memory in use before: 148.6 MB.
System memory in use after: 148.8 MB.

Unloading 13 unused Assets to reduce memory usage. Loaded Objects now: 3908.
Total: 4.853300 ms (FindLiveObjects: 1.132900 ms CreateObjectMapping: 0.366700 ms MarkObjects: 3.227400 ms  DeleteObjects: 0.123600 ms)

========================================================================
Received Import Request.
  Time since last request: 300.049152 seconds.
  path: Assets/Scripts/Player/PlayerMovement.cs
  artifactKey: Guid(b94169f172addb7458850654c9579c33) Importer(815301076,1909f56bfc062723c751e8b465ee728b)
Start importing Assets/Scripts/Player/PlayerMovement.cs using Guid(b94169f172addb7458850654c9579c33) Importer(815301076,1909f56bfc062723c751e8b465ee728b)  -> (artifact id: 'c00ddf1287bb2845f269f114ccda8a5e') in 0.016131 seconds
  Import took 0.023798 seconds .

========================================================================
Received Import Request.
  Time since last request: 5.962568 seconds.
  path: Assets/Scripts/Player/PlayerBehaviour.cs
  artifactKey: Guid(be842d7ac0cc5f448b9fabcbd21f5fc8) Importer(815301076,1909f56bfc062723c751e8b465ee728b)
Start importing Assets/Scripts/Player/PlayerBehaviour.cs using Guid(be842d7ac0cc5f448b9fabcbd21f5fc8) Importer(815301076,1909f56bfc062723c751e8b465ee728b)  -> (artifact id: '1381e933c500d710fd8404aab7e425ba') in 0.009394 seconds
  Import took 0.019041 seconds .

========================================================================
Received Prepare
Registering precompiled user dll's ...
Registered in 0.002448 seconds.
Begin MonoManager ReloadAssembly
Native extension for WindowsStandalone target not found
Native extension for WebGL target not found
Refreshing native plugins compatible for Editor in 1.03 ms, found 1 plugins.
Preloading 0 native plugins for Editor in 0.00 ms.
Invoked RoslynAnalysisRunner static constructor.
RoslynAnalysisRunner will not be running.
RoslynAnalysisRunner has terminated.
Mono: successfully reloaded assembly
- Completed reload, in  1.191 seconds
Platform modules already initialized, skipping
Shader 'Universal Render Pipeline/Particles/Lit': fallback shader 'Universal Render Pipeline/Particles/SimpleLit' not found
Refreshing native plugins compatible for Editor in 0.81 ms, found 1 plugins.
Preloading 0 native plugins for Editor in 0.00 ms.
Unloading 3265 Unused Serialized files (Serialized files now loaded: 0)
System memory in use before: 148.7 MB.
System memory in use after: 148.9 MB.

Unloading 13 unused Assets to reduce memory usage. Loaded Objects now: 3911.
Total: 4.246700 ms (FindLiveObjects: 0.466600 ms CreateObjectMapping: 0.258700 ms MarkObjects: 3.363000 ms  DeleteObjects: 0.156800 ms)

========================================================================
Received Import Request.
  Time since last request: 332.134326 seconds.
  path: Assets/Objects/Sprites/KnightBigDeath.png
  artifactKey: Guid(6453d6b588c11df419da276db010d67d) Importer(815301076,1909f56bfc062723c751e8b465ee728b)
Start importing Assets/Objects/Sprites/KnightBigDeath.png using Guid(6453d6b588c11df419da276db010d67d) Importer(815301076,1909f56bfc062723c751e8b465ee728b)  -> (artifact id: '3f1878421ec038ce307cb496e854a9c5') in 0.076813 seconds
  Import took 0.083527 seconds .

========================================================================
Received Import Request.
  Time since last request: 57.132595 seconds.
  path: Assets/Objects/Sprites/KnightBigDeath.png
  artifactKey: Guid(6453d6b588c11df419da276db010d67d) Importer(815301076,1909f56bfc062723c751e8b465ee728b)
Start importing Assets/Objects/Sprites/KnightBigDeath.png using Guid(6453d6b588c11df419da276db010d67d) Importer(815301076,1909f56bfc062723c751e8b465ee728b)  -> (artifact id: 'bb29eac9e6f947ab4c9e01586be4d3ef') in 0.015057 seconds
  Import took 0.024847 seconds .

========================================================================
Received Import Request.
  Time since last request: 0.038005 seconds.
  path: Assets/Objects/Sprites/KnightBigDeath.png
  artifactKey: Guid(6453d6b588c11df419da276db010d67d) Importer(815301076,1909f56bfc062723c751e8b465ee728b)
Start importing Assets/Objects/Sprites/KnightBigDeath.png using Guid(6453d6b588c11df419da276db010d67d) Importer(815301076,1909f56bfc062723c751e8b465ee728b)  -> (artifact id: 'bb29eac9e6f947ab4c9e01586be4d3ef') in 0.009957 seconds
  Import took 0.017104 seconds .

========================================================================
Received Import Request.
  Time since last request: 68.682437 seconds.
  path: Assets/Objects/Sprites/KnightBigDeath.png
  artifactKey: Guid(6453d6b588c11df419da276db010d67d) Importer(815301076,1909f56bfc062723c751e8b465ee728b)
Start importing Assets/Objects/Sprites/KnightBigDeath.png using Guid(6453d6b588c11df419da276db010d67d) Importer(815301076,1909f56bfc062723c751e8b465ee728b)  -> (artifact id: '45ad820ffb67036ce134919d5079e7d3') in 0.081428 seconds
  Import took 0.088963 seconds .

========================================================================
Received Import Request.
  Time since last request: 125.205587 seconds.
  path: Assets/Animations/hero-death-big.anim
  artifactKey: Guid(0af294055c9ba3c4c8ac133e44682cb0) Importer(815301076,1909f56bfc062723c751e8b465ee728b)
Start importing Assets/Animations/hero-death-big.anim using Guid(0af294055c9ba3c4c8ac133e44682cb0) Importer(815301076,1909f56bfc062723c751e8b465ee728b)  -> (artifact id: '2893dab0ac6f2a337906d88712a19c42') in 0.011388 seconds
  Import took 0.017324 seconds .

========================================================================
Received Import Request.
  Time since last request: 0.000427 seconds.
  path: Assets/Animations/hero-death-big.anim
  artifactKey: Guid(0af294055c9ba3c4c8ac133e44682cb0) Importer(815301076,1909f56bfc062723c751e8b465ee728b)
Start importing Assets/Animations/hero-death-big.anim using Guid(0af294055c9ba3c4c8ac133e44682cb0) Importer(815301076,1909f56bfc062723c751e8b465ee728b)  -> (artifact id: '2893dab0ac6f2a337906d88712a19c42') in 0.004459 seconds
  Import took 0.011858 seconds .

========================================================================
Received Prepare
Registering precompiled user dll's ...
Registered in 0.002586 seconds.
Begin MonoManager ReloadAssembly
Native extension for WindowsStandalone target not found
Native extension for WebGL target not found
Refreshing native plugins compatible for Editor in 0.97 ms, found 1 plugins.
Preloading 0 native plugins for Editor in 0.00 ms.
Invoked RoslynAnalysisRunner static constructor.
RoslynAnalysisRunner will not be running.
RoslynAnalysisRunner has terminated.
Mono: successfully reloaded assembly
- Completed reload, in  1.230 seconds
Platform modules already initialized, skipping
Shader 'Universal Render Pipeline/Particles/Lit': fallback shader 'Universal Render Pipeline/Particles/SimpleLit' not found
Refreshing native plugins compatible for Editor in 0.82 ms, found 1 plugins.
Preloading 0 native plugins for Editor in 0.00 ms.
Unloading 3265 Unused Serialized files (Serialized files now loaded: 0)
System memory in use before: 148.8 MB.
System memory in use after: 148.9 MB.

Unloading 13 unused Assets to reduce memory usage. Loaded Objects now: 3919.
Total: 4.391700 ms (FindLiveObjects: 0.574000 ms CreateObjectMapping: 0.432900 ms MarkObjects: 3.184100 ms  DeleteObjects: 0.198500 ms)

========================================================================
Received Import Request.
  Time since last request: 14.152770 seconds.
  path: Assets/Animations/hero-death-big.anim
  artifactKey: Guid(0af294055c9ba3c4c8ac133e44682cb0) Importer(815301076,1909f56bfc062723c751e8b465ee728b)
Start importing Assets/Animations/hero-death-big.anim using Guid(0af294055c9ba3c4c8ac133e44682cb0) Importer(815301076,1909f56bfc062723c751e8b465ee728b)  -> (artifact id: '16a3fb581a219d60b48a1aa672158434') in 0.015199 seconds
  Import took 0.022056 seconds .

========================================================================
Received Import Request.
  Time since last request: 0.007663 seconds.
  path: Assets/Animations/hero-death-big.anim
  artifactKey: Guid(0af294055c9ba3c4c8ac133e44682cb0) Importer(815301076,1909f56bfc062723c751e8b465ee728b)
Start importing Assets/Animations/hero-death-big.anim using Guid(0af294055c9ba3c4c8ac133e44682cb0) Importer(815301076,1909f56bfc062723c751e8b465ee728b)  -> (artifact id: '16a3fb581a219d60b48a1aa672158434') in 0.003909 seconds
  Import took 0.010559 seconds .

========================================================================
Received Prepare
Registering precompiled user dll's ...
Registered in 0.001543 seconds.
Begin MonoManager ReloadAssembly
Native extension for WindowsStandalone target not found
Native extension for WebGL target not found
Refreshing native plugins compatible for Editor in 1.20 ms, found 1 plugins.
Preloading 0 native plugins for Editor in 0.00 ms.
Invoked RoslynAnalysisRunner static constructor.
RoslynAnalysisRunner will not be running.
RoslynAnalysisRunner has terminated.
Mono: successfully reloaded assembly
- Completed reload, in  1.207 seconds
Platform modules already initialized, skipping
Shader 'Universal Render Pipeline/Particles/Lit': fallback shader 'Universal Render Pipeline/Particles/SimpleLit' not found
Refreshing native plugins compatible for Editor in 0.80 ms, found 1 plugins.
Preloading 0 native plugins for Editor in 0.00 ms.
Unloading 3265 Unused Serialized files (Serialized files now loaded: 0)
System memory in use before: 148.7 MB.
System memory in use after: 148.9 MB.

Unloading 13 unused Assets to reduce memory usage. Loaded Objects now: 3922.
Total: 4.137400 ms (FindLiveObjects: 0.924500 ms CreateObjectMapping: 0.314200 ms MarkObjects: 2.758400 ms  DeleteObjects: 0.138200 ms)

========================================================================
Received Import Request.
  Time since last request: 21.147252 seconds.
  path: Assets/Animations/hero-death.anim
  artifactKey: Guid(2249505d054ba6a4a868e025f1b1505a) Importer(815301076,1909f56bfc062723c751e8b465ee728b)
Start importing Assets/Animations/hero-death.anim using Guid(2249505d054ba6a4a868e025f1b1505a) Importer(815301076,1909f56bfc062723c751e8b465ee728b)  -> (artifact id: '4ffe80a1baf889590608c09f45b8b5ee') in 0.023381 seconds
  Import took 0.032789 seconds .

========================================================================
Received Prepare
Registering precompiled user dll's ...
Registered in 0.001674 seconds.
Begin MonoManager ReloadAssembly
Native extension for WindowsStandalone target not found
Native extension for WebGL target not found
Refreshing native plugins compatible for Editor in 0.80 ms, found 1 plugins.
Preloading 0 native plugins for Editor in 0.00 ms.
Invoked RoslynAnalysisRunner static constructor.
RoslynAnalysisRunner will not be running.
RoslynAnalysisRunner has terminated.
Mono: successfully reloaded assembly
- Completed reload, in  1.213 seconds
Platform modules already initialized, skipping
Shader 'Universal Render Pipeline/Particles/Lit': fallback shader 'Universal Render Pipeline/Particles/SimpleLit' not found
Refreshing native plugins compatible for Editor in 0.82 ms, found 1 plugins.
Preloading 0 native plugins for Editor in 0.00 ms.
Unloading 3265 Unused Serialized files (Serialized files now loaded: 0)
System memory in use before: 148.8 MB.
System memory in use after: 148.9 MB.

Unloading 13 unused Assets to reduce memory usage. Loaded Objects now: 3925.
Total: 5.374100 ms (FindLiveObjects: 0.820100 ms CreateObjectMapping: 0.573000 ms MarkObjects: 3.817300 ms  DeleteObjects: 0.162000 ms)

========================================================================
Received Prepare
Registering precompiled user dll's ...
Registered in 0.001642 seconds.
Begin MonoManager ReloadAssembly
Native extension for WindowsStandalone target not found
Native extension for WebGL target not found
Refreshing native plugins compatible for Editor in 1.26 ms, found 1 plugins.
Preloading 0 native plugins for Editor in 0.00 ms.
Invoked RoslynAnalysisRunner static constructor.
RoslynAnalysisRunner will not be running.
RoslynAnalysisRunner has terminated.
Mono: successfully reloaded assembly
- Completed reload, in  1.188 seconds
Platform modules already initialized, skipping
Shader 'Universal Render Pipeline/Particles/Lit': fallback shader 'Universal Render Pipeline/Particles/SimpleLit' not found
Refreshing native plugins compatible for Editor in 0.82 ms, found 1 plugins.
Preloading 0 native plugins for Editor in 0.00 ms.
Unloading 3265 Unused Serialized files (Serialized files now loaded: 0)
System memory in use before: 148.8 MB.
System memory in use after: 149.0 MB.

Unloading 13 unused Assets to reduce memory usage. Loaded Objects now: 3928.
Total: 3.937600 ms (FindLiveObjects: 0.460200 ms CreateObjectMapping: 0.310500 ms MarkObjects: 3.048400 ms  DeleteObjects: 0.117300 ms)

========================================================================
Received Prepare
Registering precompiled user dll's ...
Registered in 0.001735 seconds.
Begin MonoManager ReloadAssembly
Native extension for WindowsStandalone target not found
Native extension for WebGL target not found
Refreshing native plugins compatible for Editor in 0.93 ms, found 1 plugins.
Preloading 0 native plugins for Editor in 0.00 ms.
Invoked RoslynAnalysisRunner static constructor.
RoslynAnalysisRunner will not be running.
RoslynAnalysisRunner has terminated.
Mono: successfully reloaded assembly
- Completed reload, in  1.248 seconds
Platform modules already initialized, skipping
Shader 'Universal Render Pipeline/Particles/Lit': fallback shader 'Universal Render Pipeline/Particles/SimpleLit' not found
Refreshing native plugins compatible for Editor in 0.87 ms, found 1 plugins.
Preloading 0 native plugins for Editor in 0.00 ms.
Unloading 3265 Unused Serialized files (Serialized files now loaded: 0)
System memory in use before: 148.8 MB.
System memory in use after: 149.0 MB.

Unloading 13 unused Assets to reduce memory usage. Loaded Objects now: 3931.
Total: 4.308800 ms (FindLiveObjects: 0.646700 ms CreateObjectMapping: 0.344400 ms MarkObjects: 3.211000 ms  DeleteObjects: 0.105500 ms)

========================================================================
Received Prepare
Registering precompiled user dll's ...
Registered in 0.002884 seconds.
Begin MonoManager ReloadAssembly
Native extension for WindowsStandalone target not found
Native extension for WebGL target not found
Refreshing native plugins compatible for Editor in 0.81 ms, found 1 plugins.
Preloading 0 native plugins for Editor in 0.00 ms.
Invoked RoslynAnalysisRunner static constructor.
RoslynAnalysisRunner will not be running.
RoslynAnalysisRunner has terminated.
Mono: successfully reloaded assembly
- Completed reload, in  1.160 seconds
Platform modules already initialized, skipping
Shader 'Universal Render Pipeline/Particles/Lit': fallback shader 'Universal Render Pipeline/Particles/SimpleLit' not found
Refreshing native plugins compatible for Editor in 1.52 ms, found 1 plugins.
Preloading 0 native plugins for Editor in 0.00 ms.
Unloading 3265 Unused Serialized files (Serialized files now loaded: 0)
System memory in use before: 148.5 MB.
System memory in use after: 148.7 MB.

Unloading 13 unused Assets to reduce memory usage. Loaded Objects now: 3934.
Total: 8.391300 ms (FindLiveObjects: 1.415000 ms CreateObjectMapping: 0.718500 ms MarkObjects: 6.058600 ms  DeleteObjects: 0.194900 ms)

========================================================================
Received Prepare
Registering precompiled user dll's ...
Registered in 0.001649 seconds.
Begin MonoManager ReloadAssembly
Native extension for WindowsStandalone target not found
Native extension for WebGL target not found
Refreshing native plugins compatible for Editor in 0.83 ms, found 1 plugins.
Preloading 0 native plugins for Editor in 0.00 ms.
Invoked RoslynAnalysisRunner static constructor.
RoslynAnalysisRunner will not be running.
RoslynAnalysisRunner has terminated.
Mono: successfully reloaded assembly
- Completed reload, in  1.181 seconds
Platform modules already initialized, skipping
Shader 'Universal Render Pipeline/Particles/Lit': fallback shader 'Universal Render Pipeline/Particles/SimpleLit' not found
Refreshing native plugins compatible for Editor in 0.84 ms, found 1 plugins.
Preloading 0 native plugins for Editor in 0.00 ms.
Unloading 3265 Unused Serialized files (Serialized files now loaded: 0)
System memory in use before: 148.8 MB.
System memory in use after: 149.0 MB.

Unloading 13 unused Assets to reduce memory usage. Loaded Objects now: 3937.
Total: 3.992600 ms (FindLiveObjects: 0.480300 ms CreateObjectMapping: 0.266600 ms MarkObjects: 3.118000 ms  DeleteObjects: 0.126200 ms)

========================================================================
Received Prepare
Registering precompiled user dll's ...
Registered in 0.002388 seconds.
Begin MonoManager ReloadAssembly
Native extension for WindowsStandalone target not found
Native extension for WebGL target not found
Refreshing native plugins compatible for Editor in 0.70 ms, found 1 plugins.
Preloading 0 native plugins for Editor in 0.00 ms.
Invoked RoslynAnalysisRunner static constructor.
RoslynAnalysisRunner will not be running.
RoslynAnalysisRunner has terminated.
Mono: successfully reloaded assembly
- Completed reload, in  1.312 seconds
Platform modules already initialized, skipping
Shader 'Universal Render Pipeline/Particles/Lit': fallback shader 'Universal Render Pipeline/Particles/SimpleLit' not found
Refreshing native plugins compatible for Editor in 0.81 ms, found 1 plugins.
Preloading 0 native plugins for Editor in 0.00 ms.
Unloading 3265 Unused Serialized files (Serialized files now loaded: 0)
System memory in use before: 148.8 MB.
System memory in use after: 149.0 MB.

Unloading 13 unused Assets to reduce memory usage. Loaded Objects now: 3940.
Total: 3.288700 ms (FindLiveObjects: 0.458000 ms CreateObjectMapping: 0.189200 ms MarkObjects: 2.518500 ms  DeleteObjects: 0.121200 ms)

========================================================================
Received Prepare
Registering precompiled user dll's ...
Registered in 0.001638 seconds.
Begin MonoManager ReloadAssembly
Native extension for WindowsStandalone target not found
Native extension for WebGL target not found
Refreshing native plugins compatible for Editor in 0.69 ms, found 1 plugins.
Preloading 0 native plugins for Editor in 0.00 ms.
Invoked RoslynAnalysisRunner static constructor.
RoslynAnalysisRunner will not be running.
RoslynAnalysisRunner has terminated.
Mono: successfully reloaded assembly
- Completed reload, in  1.177 seconds
Platform modules already initialized, skipping
Shader 'Universal Render Pipeline/Particles/Lit': fallback shader 'Universal Render Pipeline/Particles/SimpleLit' not found
Refreshing native plugins compatible for Editor in 0.79 ms, found 1 plugins.
Preloading 0 native plugins for Editor in 0.00 ms.
Unloading 3265 Unused Serialized files (Serialized files now loaded: 0)
System memory in use before: 148.6 MB.
System memory in use after: 148.7 MB.

Unloading 13 unused Assets to reduce memory usage. Loaded Objects now: 3943.
Total: 3.804500 ms (FindLiveObjects: 0.499500 ms CreateObjectMapping: 0.307700 ms MarkObjects: 2.876900 ms  DeleteObjects: 0.119000 ms)

========================================================================
Received Prepare
Registering precompiled user dll's ...
Registered in 0.001512 seconds.
Begin MonoManager ReloadAssembly
Native extension for WindowsStandalone target not found
Native extension for WebGL target not found
Refreshing native plugins compatible for Editor in 0.81 ms, found 1 plugins.
Preloading 0 native plugins for Editor in 0.00 ms.
Invoked RoslynAnalysisRunner static constructor.
RoslynAnalysisRunner will not be running.
RoslynAnalysisRunner has terminated.
Mono: successfully reloaded assembly
- Completed reload, in  1.135 seconds
Platform modules already initialized, skipping
Shader 'Universal Render Pipeline/Particles/Lit': fallback shader 'Universal Render Pipeline/Particles/SimpleLit' not found
Refreshing native plugins compatible for Editor in 0.89 ms, found 1 plugins.
Preloading 0 native plugins for Editor in 0.00 ms.
Unloading 3265 Unused Serialized files (Serialized files now loaded: 0)
System memory in use before: 148.8 MB.
System memory in use after: 149.0 MB.

Unloading 13 unused Assets to reduce memory usage. Loaded Objects now: 3946.
Total: 10.005600 ms (FindLiveObjects: 1.572000 ms CreateObjectMapping: 1.095400 ms MarkObjects: 7.131900 ms  DeleteObjects: 0.200900 ms)

========================================================================
Received Prepare
Registering precompiled user dll's ...
Registered in 0.001589 seconds.
Begin MonoManager ReloadAssembly
Native extension for WindowsStandalone target not found
Native extension for WebGL target not found
Refreshing native plugins compatible for Editor in 0.87 ms, found 1 plugins.
Preloading 0 native plugins for Editor in 0.00 ms.
Invoked RoslynAnalysisRunner static constructor.
RoslynAnalysisRunner will not be running.
RoslynAnalysisRunner has terminated.
Mono: successfully reloaded assembly
- Completed reload, in  1.184 seconds
Platform modules already initialized, skipping
Shader 'Universal Render Pipeline/Particles/Lit': fallback shader 'Universal Render Pipeline/Particles/SimpleLit' not found
Refreshing native plugins compatible for Editor in 0.97 ms, found 1 plugins.
Preloading 0 native plugins for Editor in 0.00 ms.
Unloading 3265 Unused Serialized files (Serialized files now loaded: 0)
System memory in use before: 148.9 MB.
System memory in use after: 149.0 MB.

Unloading 13 unused Assets to reduce memory usage. Loaded Objects now: 3949.
Total: 3.638000 ms (FindLiveObjects: 0.442100 ms CreateObjectMapping: 0.400700 ms MarkObjects: 2.633200 ms  DeleteObjects: 0.160000 ms)

========================================================================
Received Import Request.
  Time since last request: 283.306814 seconds.
  path: Assets/Animations/KnightBigDeath_0.controller
  artifactKey: Guid(e09ac8ea3ae019b4fbb92105cd1633f7) Importer(815301076,1909f56bfc062723c751e8b465ee728b)
Start importing Assets/Animations/KnightBigDeath_0.controller using Guid(e09ac8ea3ae019b4fbb92105cd1633f7) Importer(815301076,1909f56bfc062723c751e8b465ee728b)  -> (artifact id: 'c7961447c4722183cf70e09c7bf7d1bf') in 0.026730 seconds
  Import took 0.034836 seconds .

========================================================================
Received Import Request.
  Time since last request: 0.012858 seconds.
  path: Assets/Animations/KnightBigDeath_0.controller
  artifactKey: Guid(e09ac8ea3ae019b4fbb92105cd1633f7) Importer(815301076,1909f56bfc062723c751e8b465ee728b)
Start importing Assets/Animations/KnightBigDeath_0.controller using Guid(e09ac8ea3ae019b4fbb92105cd1633f7) Importer(815301076,1909f56bfc062723c751e8b465ee728b)  -> (artifact id: 'c7961447c4722183cf70e09c7bf7d1bf') in 0.003811 seconds
  Import took 0.011848 seconds .

========================================================================
Received Import Request.
  Time since last request: 1.047971 seconds.
  path: Assets/Animations/KnightDeath_0.controller
  artifactKey: Guid(fa81896bc84800f4e8681a59de83bd14) Importer(815301076,1909f56bfc062723c751e8b465ee728b)
Start importing Assets/Animations/KnightDeath_0.controller using Guid(fa81896bc84800f4e8681a59de83bd14) Importer(815301076,1909f56bfc062723c751e8b465ee728b)  -> (artifact id: '96fe1e26a50a85fe3626a75e6cc7b558') in 0.009557 seconds
  Import took 0.019568 seconds .

========================================================================
Received Import Request.
  Time since last request: 2.759822 seconds.
  path: Assets/Animations/animation-controller.controller
  artifactKey: Guid(add2d35f3c4e7f44d8c0e6c355418f3c) Importer(815301076,1909f56bfc062723c751e8b465ee728b)
Start importing Assets/Animations/animation-controller.controller using Guid(add2d35f3c4e7f44d8c0e6c355418f3c) Importer(815301076,1909f56bfc062723c751e8b465ee728b)  -> (artifact id: '03dbd89a0ea6a64b9ce4ad24b59f487d') in 0.013540 seconds
  Import took 0.023015 seconds .

========================================================================
Received Prepare
Registering precompiled user dll's ...
Registered in 0.001622 seconds.
Begin MonoManager ReloadAssembly
Native extension for WindowsStandalone target not found
Native extension for WebGL target not found
Refreshing native plugins compatible for Editor in 0.85 ms, found 1 plugins.
Preloading 0 native plugins for Editor in 0.00 ms.
Invoked RoslynAnalysisRunner static constructor.
RoslynAnalysisRunner will not be running.
RoslynAnalysisRunner has terminated.
Mono: successfully reloaded assembly
- Completed reload, in  1.176 seconds
Platform modules already initialized, skipping
Shader 'Universal Render Pipeline/Particles/Lit': fallback shader 'Universal Render Pipeline/Particles/SimpleLit' not found
Refreshing native plugins compatible for Editor in 0.81 ms, found 1 plugins.
Preloading 0 native plugins for Editor in 0.00 ms.
Unloading 3265 Unused Serialized files (Serialized files now loaded: 0)
System memory in use before: 148.7 MB.
System memory in use after: 148.8 MB.

Unloading 13 unused Assets to reduce memory usage. Loaded Objects now: 3952.
Total: 3.626500 ms (FindLiveObjects: 0.408900 ms CreateObjectMapping: 0.208800 ms MarkObjects: 2.861000 ms  DeleteObjects: 0.146600 ms)

========================================================================
Received Prepare
Registering precompiled user dll's ...
Registered in 0.001627 seconds.
Begin MonoManager ReloadAssembly
Native extension for WindowsStandalone target not found
Native extension for WebGL target not found
Refreshing native plugins compatible for Editor in 1.08 ms, found 1 plugins.
Preloading 0 native plugins for Editor in 0.00 ms.
Invoked RoslynAnalysisRunner static constructor.
RoslynAnalysisRunner will not be running.
RoslynAnalysisRunner has terminated.
Mono: successfully reloaded assembly
- Completed reload, in  1.172 seconds
Platform modules already initialized, skipping
Shader 'Universal Render Pipeline/Particles/Lit': fallback shader 'Universal Render Pipeline/Particles/SimpleLit' not found
Refreshing native plugins compatible for Editor in 0.81 ms, found 1 plugins.
Preloading 0 native plugins for Editor in 0.00 ms.
Unloading 3265 Unused Serialized files (Serialized files now loaded: 0)
System memory in use before: 148.9 MB.
System memory in use after: 149.0 MB.

Unloading 13 unused Assets to reduce memory usage. Loaded Objects now: 3955.
Total: 4.071300 ms (FindLiveObjects: 0.850600 ms CreateObjectMapping: 0.377100 ms MarkObjects: 2.715600 ms  DeleteObjects: 0.126100 ms)

========================================================================
Received Prepare
Registering precompiled user dll's ...
Registered in 0.001715 seconds.
Begin MonoManager ReloadAssembly
Native extension for WindowsStandalone target not found
Native extension for WebGL target not found
Refreshing native plugins compatible for Editor in 0.86 ms, found 1 plugins.
Preloading 0 native plugins for Editor in 0.00 ms.
Invoked RoslynAnalysisRunner static constructor.
RoslynAnalysisRunner will not be running.
RoslynAnalysisRunner has terminated.
Mono: successfully reloaded assembly
- Completed reload, in  1.179 seconds
Platform modules already initialized, skipping
Shader 'Universal Render Pipeline/Particles/Lit': fallback shader 'Universal Render Pipeline/Particles/SimpleLit' not found
Refreshing native plugins compatible for Editor in 0.80 ms, found 1 plugins.
Preloading 0 native plugins for Editor in 0.00 ms.
Unloading 3265 Unused Serialized files (Serialized files now loaded: 0)
System memory in use before: 148.9 MB.
System memory in use after: 149.0 MB.

Unloading 13 unused Assets to reduce memory usage. Loaded Objects now: 3958.
Total: 4.842000 ms (FindLiveObjects: 1.040800 ms CreateObjectMapping: 0.583700 ms MarkObjects: 3.091300 ms  DeleteObjects: 0.124100 ms)

========================================================================
Received Prepare
Registering precompiled user dll's ...
Registered in 0.001813 seconds.
Begin MonoManager ReloadAssembly
Native extension for WindowsStandalone target not found
Native extension for WebGL target not found
Refreshing native plugins compatible for Editor in 0.87 ms, found 1 plugins.
Preloading 0 native plugins for Editor in 0.00 ms.
Invoked RoslynAnalysisRunner static constructor.
RoslynAnalysisRunner will not be running.
RoslynAnalysisRunner has terminated.
Mono: successfully reloaded assembly
- Completed reload, in  1.174 seconds
Platform modules already initialized, skipping
Shader 'Universal Render Pipeline/Particles/Lit': fallback shader 'Universal Render Pipeline/Particles/SimpleLit' not found
Refreshing native plugins compatible for Editor in 0.83 ms, found 1 plugins.
Preloading 0 native plugins for Editor in 0.00 ms.
Unloading 3265 Unused Serialized files (Serialized files now loaded: 0)
System memory in use before: 148.7 MB.
System memory in use after: 148.9 MB.

Unloading 13 unused Assets to reduce memory usage. Loaded Objects now: 3961.
Total: 3.202700 ms (FindLiveObjects: 0.403100 ms CreateObjectMapping: 0.197300 ms MarkObjects: 2.475000 ms  DeleteObjects: 0.126100 ms)

========================================================================
Received Prepare
Registering precompiled user dll's ...
Registered in 0.001668 seconds.
Begin MonoManager ReloadAssembly
Native extension for WindowsStandalone target not found
Native extension for WebGL target not found
Refreshing native plugins compatible for Editor in 0.84 ms, found 1 plugins.
Preloading 0 native plugins for Editor in 0.00 ms.
Invoked RoslynAnalysisRunner static constructor.
RoslynAnalysisRunner will not be running.
RoslynAnalysisRunner has terminated.
Mono: successfully reloaded assembly
- Completed reload, in  1.191 seconds
Platform modules already initialized, skipping
Shader 'Universal Render Pipeline/Particles/Lit': fallback shader 'Universal Render Pipeline/Particles/SimpleLit' not found
Refreshing native plugins compatible for Editor in 0.81 ms, found 1 plugins.
Preloading 0 native plugins for Editor in 0.00 ms.
Unloading 3265 Unused Serialized files (Serialized files now loaded: 0)
System memory in use before: 148.9 MB.
System memory in use after: 149.1 MB.

Unloading 13 unused Assets to reduce memory usage. Loaded Objects now: 3964.
Total: 3.810400 ms (FindLiveObjects: 0.689500 ms CreateObjectMapping: 0.270500 ms MarkObjects: 2.732800 ms  DeleteObjects: 0.116100 ms)

========================================================================
Received Prepare
Registering precompiled user dll's ...
Registered in 0.001799 seconds.
Begin MonoManager ReloadAssembly
Native extension for WindowsStandalone target not found
Native extension for WebGL target not found
Refreshing native plugins compatible for Editor in 0.94 ms, found 1 plugins.
Preloading 0 native plugins for Editor in 0.00 ms.
Invoked RoslynAnalysisRunner static constructor.
RoslynAnalysisRunner will not be running.
RoslynAnalysisRunner has terminated.
Mono: successfully reloaded assembly
- Completed reload, in  1.163 seconds
Platform modules already initialized, skipping
Shader 'Universal Render Pipeline/Particles/Lit': fallback shader 'Universal Render Pipeline/Particles/SimpleLit' not found
Refreshing native plugins compatible for Editor in 0.80 ms, found 1 plugins.
Preloading 0 native plugins for Editor in 0.00 ms.
Unloading 3265 Unused Serialized files (Serialized files now loaded: 0)
System memory in use before: 148.9 MB.
System memory in use after: 149.1 MB.

Unloading 13 unused Assets to reduce memory usage. Loaded Objects now: 3967.
Total: 3.138800 ms (FindLiveObjects: 0.375600 ms CreateObjectMapping: 0.179800 ms MarkObjects: 2.385100 ms  DeleteObjects: 0.197300 ms)

========================================================================
Received Import Request.
  Time since last request: 170.778274 seconds.
  path: Assets/Animations/animation-controller.controller
  artifactKey: Guid(add2d35f3c4e7f44d8c0e6c355418f3c) Importer(815301076,1909f56bfc062723c751e8b465ee728b)
Start importing Assets/Animations/animation-controller.controller using Guid(add2d35f3c4e7f44d8c0e6c355418f3c) Importer(815301076,1909f56bfc062723c751e8b465ee728b)  -> (artifact id: '5849f7ec1b7d556f186a14f88537bc31') in 0.021563 seconds
  Import took 0.034612 seconds .

========================================================================
Received Prepare
Registering precompiled user dll's ...
Registered in 0.001945 seconds.
Begin MonoManager ReloadAssembly
Native extension for WindowsStandalone target not found
Native extension for WebGL target not found
Refreshing native plugins compatible for Editor in 0.83 ms, found 1 plugins.
Preloading 0 native plugins for Editor in 0.00 ms.
Invoked RoslynAnalysisRunner static constructor.
RoslynAnalysisRunner will not be running.
RoslynAnalysisRunner has terminated.
Mono: successfully reloaded assembly
- Completed reload, in  1.201 seconds
Platform modules already initialized, skipping
Shader 'Universal Render Pipeline/Particles/Lit': fallback shader 'Universal Render Pipeline/Particles/SimpleLit' not found
Refreshing native plugins compatible for Editor in 0.84 ms, found 1 plugins.
Preloading 0 native plugins for Editor in 0.00 ms.
Unloading 3265 Unused Serialized files (Serialized files now loaded: 0)
System memory in use before: 148.8 MB.
System memory in use after: 149.0 MB.

Unloading 13 unused Assets to reduce memory usage. Loaded Objects now: 3970.
Total: 3.641700 ms (FindLiveObjects: 0.530400 ms CreateObjectMapping: 0.331600 ms MarkObjects: 2.653200 ms  DeleteObjects: 0.124800 ms)

========================================================================
Received Prepare
Registering precompiled user dll's ...
Registered in 0.001530 seconds.
Begin MonoManager ReloadAssembly
Native extension for WindowsStandalone target not found
Native extension for WebGL target not found
Refreshing native plugins compatible for Editor in 1.87 ms, found 1 plugins.
Preloading 0 native plugins for Editor in 0.00 ms.
Invoked RoslynAnalysisRunner static constructor.
RoslynAnalysisRunner will not be running.
RoslynAnalysisRunner has terminated.
Mono: successfully reloaded assembly
- Completed reload, in  1.277 seconds
Platform modules already initialized, skipping
Shader 'Universal Render Pipeline/Particles/Lit': fallback shader 'Universal Render Pipeline/Particles/SimpleLit' not found
Refreshing native plugins compatible for Editor in 0.90 ms, found 1 plugins.
Preloading 0 native plugins for Editor in 0.00 ms.
Unloading 3265 Unused Serialized files (Serialized files now loaded: 0)
System memory in use before: 148.9 MB.
System memory in use after: 149.1 MB.

Unloading 13 unused Assets to reduce memory usage. Loaded Objects now: 3973.
Total: 3.460800 ms (FindLiveObjects: 0.670200 ms CreateObjectMapping: 0.200300 ms MarkObjects: 2.435000 ms  DeleteObjects: 0.153600 ms)

========================================================================
Received Prepare
Registering precompiled user dll's ...
Registered in 0.001703 seconds.
Begin MonoManager ReloadAssembly
Native extension for WindowsStandalone target not found
Native extension for WebGL target not found
Refreshing native plugins compatible for Editor in 0.84 ms, found 1 plugins.
Preloading 0 native plugins for Editor in 0.00 ms.
Invoked RoslynAnalysisRunner static constructor.
RoslynAnalysisRunner will not be running.
RoslynAnalysisRunner has terminated.
Mono: successfully reloaded assembly
- Completed reload, in  1.210 seconds
Platform modules already initialized, skipping
Shader 'Universal Render Pipeline/Particles/Lit': fallback shader 'Universal Render Pipeline/Particles/SimpleLit' not found
Refreshing native plugins compatible for Editor in 0.88 ms, found 1 plugins.
Preloading 0 native plugins for Editor in 0.00 ms.
Unloading 3265 Unused Serialized files (Serialized files now loaded: 0)
System memory in use before: 148.9 MB.
System memory in use after: 149.1 MB.

Unloading 13 unused Assets to reduce memory usage. Loaded Objects now: 3976.
Total: 3.752800 ms (FindLiveObjects: 0.443100 ms CreateObjectMapping: 0.279800 ms MarkObjects: 2.831300 ms  DeleteObjects: 0.196700 ms)

========================================================================
Received Prepare
Registering precompiled user dll's ...
Registered in 0.002769 seconds.
Begin MonoManager ReloadAssembly
Native extension for WindowsStandalone target not found
Native extension for WebGL target not found
Refreshing native plugins compatible for Editor in 0.94 ms, found 1 plugins.
Preloading 0 native plugins for Editor in 0.00 ms.
Invoked RoslynAnalysisRunner static constructor.
RoslynAnalysisRunner will not be running.
RoslynAnalysisRunner has terminated.
Mono: successfully reloaded assembly
- Completed reload, in  1.199 seconds
Platform modules already initialized, skipping
Shader 'Universal Render Pipeline/Particles/Lit': fallback shader 'Universal Render Pipeline/Particles/SimpleLit' not found
Refreshing native plugins compatible for Editor in 0.83 ms, found 1 plugins.
Preloading 0 native plugins for Editor in 0.00 ms.
Unloading 3265 Unused Serialized files (Serialized files now loaded: 0)
System memory in use before: 148.9 MB.
System memory in use after: 149.1 MB.

Unloading 13 unused Assets to reduce memory usage. Loaded Objects now: 3979.
Total: 4.496000 ms (FindLiveObjects: 0.771400 ms CreateObjectMapping: 0.289100 ms MarkObjects: 3.277700 ms  DeleteObjects: 0.140900 ms)

========================================================================
Received Prepare
Registering precompiled user dll's ...
Registered in 0.001727 seconds.
Begin MonoManager ReloadAssembly
Native extension for WindowsStandalone target not found
Native extension for WebGL target not found
Refreshing native plugins compatible for Editor in 1.05 ms, found 1 plugins.
Preloading 0 native plugins for Editor in 0.00 ms.
Invoked RoslynAnalysisRunner static constructor.
RoslynAnalysisRunner will not be running.
RoslynAnalysisRunner has terminated.
Mono: successfully reloaded assembly
- Completed reload, in  1.189 seconds
Platform modules already initialized, skipping
Shader 'Universal Render Pipeline/Particles/Lit': fallback shader 'Universal Render Pipeline/Particles/SimpleLit' not found
Refreshing native plugins compatible for Editor in 0.81 ms, found 1 plugins.
Preloading 0 native plugins for Editor in 0.00 ms.
Unloading 3265 Unused Serialized files (Serialized files now loaded: 0)
System memory in use before: 149.0 MB.
System memory in use after: 149.1 MB.

Unloading 13 unused Assets to reduce memory usage. Loaded Objects now: 3982.
Total: 4.439000 ms (FindLiveObjects: 0.655600 ms CreateObjectMapping: 0.342500 ms MarkObjects: 3.299000 ms  DeleteObjects: 0.140100 ms)

========================================================================
Received Prepare
Registering precompiled user dll's ...
Registered in 0.001986 seconds.
Begin MonoManager ReloadAssembly
Native extension for WindowsStandalone target not found
Native extension for WebGL target not found
Refreshing native plugins compatible for Editor in 1.05 ms, found 1 plugins.
Preloading 0 native plugins for Editor in 0.00 ms.
Invoked RoslynAnalysisRunner static constructor.
RoslynAnalysisRunner will not be running.
RoslynAnalysisRunner has terminated.
Mono: successfully reloaded assembly
- Completed reload, in  1.200 seconds
Platform modules already initialized, skipping
Shader 'Universal Render Pipeline/Particles/Lit': fallback shader 'Universal Render Pipeline/Particles/SimpleLit' not found
Refreshing native plugins compatible for Editor in 0.81 ms, found 1 plugins.
Preloading 0 native plugins for Editor in 0.00 ms.
Unloading 3265 Unused Serialized files (Serialized files now loaded: 0)
System memory in use before: 149.0 MB.
System memory in use after: 149.1 MB.

Unloading 13 unused Assets to reduce memory usage. Loaded Objects now: 3985.
Total: 3.939400 ms (FindLiveObjects: 0.546700 ms CreateObjectMapping: 0.287000 ms MarkObjects: 2.805900 ms  DeleteObjects: 0.297800 ms)

========================================================================
Received Prepare
Registering precompiled user dll's ...
Registered in 0.001648 seconds.
Begin MonoManager ReloadAssembly
Native extension for WindowsStandalone target not found
Native extension for WebGL target not found
Refreshing native plugins compatible for Editor in 0.82 ms, found 1 plugins.
Preloading 0 native plugins for Editor in 0.00 ms.
Invoked RoslynAnalysisRunner static constructor.
RoslynAnalysisRunner will not be running.
RoslynAnalysisRunner has terminated.
Mono: successfully reloaded assembly
- Completed reload, in  1.168 seconds
Platform modules already initialized, skipping
Shader 'Universal Render Pipeline/Particles/Lit': fallback shader 'Universal Render Pipeline/Particles/SimpleLit' not found
Refreshing native plugins compatible for Editor in 0.84 ms, found 1 plugins.
Preloading 0 native plugins for Editor in 0.00 ms.
Unloading 3265 Unused Serialized files (Serialized files now loaded: 0)
System memory in use before: 149.0 MB.
System memory in use after: 149.1 MB.

Unloading 13 unused Assets to reduce memory usage. Loaded Objects now: 3988.
Total: 4.591500 ms (FindLiveObjects: 0.450800 ms CreateObjectMapping: 0.302900 ms MarkObjects: 3.705700 ms  DeleteObjects: 0.130700 ms)

========================================================================
Received Prepare
Registering precompiled user dll's ...
Registered in 0.001541 seconds.
Begin MonoManager ReloadAssembly
Native extension for WindowsStandalone target not found
Native extension for WebGL target not found
Refreshing native plugins compatible for Editor in 0.89 ms, found 1 plugins.
Preloading 0 native plugins for Editor in 0.00 ms.
Invoked RoslynAnalysisRunner static constructor.
RoslynAnalysisRunner will not be running.
RoslynAnalysisRunner has terminated.
Mono: successfully reloaded assembly
- Completed reload, in  1.233 seconds
Platform modules already initialized, skipping
Shader 'Universal Render Pipeline/Particles/Lit': fallback shader 'Universal Render Pipeline/Particles/SimpleLit' not found
Refreshing native plugins compatible for Editor in 0.91 ms, found 1 plugins.
Preloading 0 native plugins for Editor in 0.00 ms.
Unloading 3265 Unused Serialized files (Serialized files now loaded: 0)
System memory in use before: 148.7 MB.
System memory in use after: 148.8 MB.

Unloading 13 unused Assets to reduce memory usage. Loaded Objects now: 3991.
Total: 4.311400 ms (FindLiveObjects: 0.508600 ms CreateObjectMapping: 0.336200 ms MarkObjects: 3.303800 ms  DeleteObjects: 0.160800 ms)

========================================================================
Received Prepare
Registering precompiled user dll's ...
Registered in 0.002658 seconds.
Begin MonoManager ReloadAssembly
Native extension for WindowsStandalone target not found
Native extension for WebGL target not found
Refreshing native plugins compatible for Editor in 0.64 ms, found 1 plugins.
Preloading 0 native plugins for Editor in 0.00 ms.
Invoked RoslynAnalysisRunner static constructor.
RoslynAnalysisRunner will not be running.
RoslynAnalysisRunner has terminated.
Mono: successfully reloaded assembly
- Completed reload, in  1.207 seconds
Platform modules already initialized, skipping
Shader 'Universal Render Pipeline/Particles/Lit': fallback shader 'Universal Render Pipeline/Particles/SimpleLit' not found
Refreshing native plugins compatible for Editor in 0.99 ms, found 1 plugins.
Preloading 0 native plugins for Editor in 0.00 ms.
Unloading 3265 Unused Serialized files (Serialized files now loaded: 0)
System memory in use before: 149.0 MB.
System memory in use after: 149.1 MB.

Unloading 13 unused Assets to reduce memory usage. Loaded Objects now: 3994.
Total: 5.440800 ms (FindLiveObjects: 0.755900 ms CreateObjectMapping: 0.456700 ms MarkObjects: 4.054800 ms  DeleteObjects: 0.171100 ms)

========================================================================
Received Import Request.
  Time since last request: 236.394523 seconds.
  path: Assets/Animations/hero-death-big.anim
  artifactKey: Guid(0af294055c9ba3c4c8ac133e44682cb0) Importer(815301076,1909f56bfc062723c751e8b465ee728b)
Start importing Assets/Animations/hero-death-big.anim using Guid(0af294055c9ba3c4c8ac133e44682cb0) Importer(815301076,1909f56bfc062723c751e8b465ee728b)  -> (artifact id: '5a67494b60ed24a92fe97c0bfdceafa0') in 0.017880 seconds
  Import took 0.024558 seconds .

========================================================================
Received Import Request.
  Time since last request: 42.024348 seconds.
  path: Assets/Animations/animation-controller.controller
  artifactKey: Guid(add2d35f3c4e7f44d8c0e6c355418f3c) Importer(815301076,1909f56bfc062723c751e8b465ee728b)
Start importing Assets/Animations/animation-controller.controller using Guid(add2d35f3c4e7f44d8c0e6c355418f3c) Importer(815301076,1909f56bfc062723c751e8b465ee728b)  -> (artifact id: 'bc17a61c9b28efa46dca2f51b5aebac9') in 0.006808 seconds
  Import took 0.013786 seconds .

========================================================================
Received Prepare
Registering precompiled user dll's ...
Registered in 0.001896 seconds.
Begin MonoManager ReloadAssembly
Native extension for WindowsStandalone target not found
Native extension for WebGL target not found
Refreshing native plugins compatible for Editor in 0.78 ms, found 1 plugins.
Preloading 0 native plugins for Editor in 0.00 ms.
Invoked RoslynAnalysisRunner static constructor.
RoslynAnalysisRunner will not be running.
RoslynAnalysisRunner has terminated.
Mono: successfully reloaded assembly
- Completed reload, in  1.210 seconds
Platform modules already initialized, skipping
Shader 'Universal Render Pipeline/Particles/Lit': fallback shader 'Universal Render Pipeline/Particles/SimpleLit' not found
Refreshing native plugins compatible for Editor in 0.91 ms, found 1 plugins.
Preloading 0 native plugins for Editor in 0.00 ms.
Unloading 3265 Unused Serialized files (Serialized files now loaded: 0)
System memory in use before: 149.0 MB.
System memory in use after: 149.2 MB.

Unloading 13 unused Assets to reduce memory usage. Loaded Objects now: 3997.
Total: 4.735400 ms (FindLiveObjects: 1.049600 ms CreateObjectMapping: 0.499400 ms MarkObjects: 3.046500 ms  DeleteObjects: 0.137400 ms)

========================================================================
Received Prepare
Registering precompiled user dll's ...
Registered in 0.001709 seconds.
Begin MonoManager ReloadAssembly
Native extension for WindowsStandalone target not found
Native extension for WebGL target not found
Refreshing native plugins compatible for Editor in 0.93 ms, found 1 plugins.
Preloading 0 native plugins for Editor in 0.00 ms.
Invoked RoslynAnalysisRunner static constructor.
RoslynAnalysisRunner will not be running.
RoslynAnalysisRunner has terminated.
Mono: successfully reloaded assembly
- Completed reload, in  1.181 seconds
Platform modules already initialized, skipping
Shader 'Universal Render Pipeline/Particles/Lit': fallback shader 'Universal Render Pipeline/Particles/SimpleLit' not found
Refreshing native plugins compatible for Editor in 0.80 ms, found 1 plugins.
Preloading 0 native plugins for Editor in 0.00 ms.
Unloading 3265 Unused Serialized files (Serialized files now loaded: 0)
System memory in use before: 148.8 MB.
System memory in use after: 148.9 MB.

Unloading 13 unused Assets to reduce memory usage. Loaded Objects now: 4000.
Total: 4.527100 ms (FindLiveObjects: 0.750000 ms CreateObjectMapping: 0.331400 ms MarkObjects: 3.288600 ms  DeleteObjects: 0.155000 ms)

========================================================================
Received Prepare
Registering precompiled user dll's ...
Registered in 0.002624 seconds.
Begin MonoManager ReloadAssembly
Native extension for WindowsStandalone target not found
Native extension for WebGL target not found
Refreshing native plugins compatible for Editor in 0.79 ms, found 1 plugins.
Preloading 0 native plugins for Editor in 0.00 ms.
Invoked RoslynAnalysisRunner static constructor.
RoslynAnalysisRunner will not be running.
RoslynAnalysisRunner has terminated.
Mono: successfully reloaded assembly
- Completed reload, in  1.204 seconds
Platform modules already initialized, skipping
Shader 'Universal Render Pipeline/Particles/Lit': fallback shader 'Universal Render Pipeline/Particles/SimpleLit' not found
Refreshing native plugins compatible for Editor in 0.92 ms, found 1 plugins.
Preloading 0 native plugins for Editor in 0.00 ms.
Unloading 3265 Unused Serialized files (Serialized files now loaded: 0)
System memory in use before: 149.0 MB.
System memory in use after: 149.2 MB.

Unloading 13 unused Assets to reduce memory usage. Loaded Objects now: 4003.
Total: 4.334300 ms (FindLiveObjects: 1.036600 ms CreateObjectMapping: 0.454300 ms MarkObjects: 2.636400 ms  DeleteObjects: 0.187900 ms)

========================================================================
Received Prepare
Registering precompiled user dll's ...
Registered in 0.002117 seconds.
Begin MonoManager ReloadAssembly
Native extension for WindowsStandalone target not found
Native extension for WebGL target not found
Refreshing native plugins compatible for Editor in 0.88 ms, found 1 plugins.
Preloading 0 native plugins for Editor in 0.00 ms.
Invoked RoslynAnalysisRunner static constructor.
RoslynAnalysisRunner will not be running.
RoslynAnalysisRunner has terminated.
Mono: successfully reloaded assembly
- Completed reload, in  1.159 seconds
Platform modules already initialized, skipping
Shader 'Universal Render Pipeline/Particles/Lit': fallback shader 'Universal Render Pipeline/Particles/SimpleLit' not found
Refreshing native plugins compatible for Editor in 0.82 ms, found 1 plugins.
Preloading 0 native plugins for Editor in 0.00 ms.
Unloading 3265 Unused Serialized files (Serialized files now loaded: 0)
System memory in use before: 149.0 MB.
System memory in use after: 149.2 MB.

Unloading 13 unused Assets to reduce memory usage. Loaded Objects now: 4006.
Total: 3.517300 ms (FindLiveObjects: 0.453000 ms CreateObjectMapping: 0.255800 ms MarkObjects: 2.687400 ms  DeleteObjects: 0.119800 ms)

========================================================================
Received Prepare
Registering precompiled user dll's ...
Registered in 0.001794 seconds.
Begin MonoManager ReloadAssembly
Native extension for WindowsStandalone target not found
Native extension for WebGL target not found
Refreshing native plugins compatible for Editor in 0.65 ms, found 1 plugins.
Preloading 0 native plugins for Editor in 0.00 ms.
Invoked RoslynAnalysisRunner static constructor.
RoslynAnalysisRunner will not be running.
RoslynAnalysisRunner has terminated.
Mono: successfully reloaded assembly
- Completed reload, in  1.208 seconds
Platform modules already initialized, skipping
Shader 'Universal Render Pipeline/Particles/Lit': fallback shader 'Universal Render Pipeline/Particles/SimpleLit' not found
Refreshing native plugins compatible for Editor in 0.83 ms, found 1 plugins.
Preloading 0 native plugins for Editor in 0.00 ms.
Unloading 3265 Unused Serialized files (Serialized files now loaded: 0)
System memory in use before: 148.8 MB.
System memory in use after: 149.0 MB.

Unloading 13 unused Assets to reduce memory usage. Loaded Objects now: 4009.
Total: 3.867000 ms (FindLiveObjects: 0.570200 ms CreateObjectMapping: 0.404600 ms MarkObjects: 2.761200 ms  DeleteObjects: 0.129200 ms)

========================================================================
Received Prepare
Registering precompiled user dll's ...
Registered in 0.001891 seconds.
Begin MonoManager ReloadAssembly
Native extension for WindowsStandalone target not found
Native extension for WebGL target not found
Refreshing native plugins compatible for Editor in 0.93 ms, found 1 plugins.
Preloading 0 native plugins for Editor in 0.00 ms.
Invoked RoslynAnalysisRunner static constructor.
RoslynAnalysisRunner will not be running.
RoslynAnalysisRunner has terminated.
Mono: successfully reloaded assembly
- Completed reload, in  1.178 seconds
Platform modules already initialized, skipping
Shader 'Universal Render Pipeline/Particles/Lit': fallback shader 'Universal Render Pipeline/Particles/SimpleLit' not found
Refreshing native plugins compatible for Editor in 0.82 ms, found 1 plugins.
Preloading 0 native plugins for Editor in 0.00 ms.
Unloading 3265 Unused Serialized files (Serialized files now loaded: 0)
System memory in use before: 149.0 MB.
System memory in use after: 149.2 MB.

Unloading 13 unused Assets to reduce memory usage. Loaded Objects now: 4012.
Total: 4.409100 ms (FindLiveObjects: 0.608200 ms CreateObjectMapping: 0.560900 ms MarkObjects: 3.090400 ms  DeleteObjects: 0.147600 ms)

========================================================================
Received Prepare
Registering precompiled user dll's ...
Registered in 0.001794 seconds.
Begin MonoManager ReloadAssembly
Native extension for WindowsStandalone target not found
Native extension for WebGL target not found
Refreshing native plugins compatible for Editor in 0.94 ms, found 1 plugins.
Preloading 0 native plugins for Editor in 0.00 ms.
Invoked RoslynAnalysisRunner static constructor.
RoslynAnalysisRunner will not be running.
RoslynAnalysisRunner has terminated.
Mono: successfully reloaded assembly
- Completed reload, in  1.177 seconds
Platform modules already initialized, skipping
Shader 'Universal Render Pipeline/Particles/Lit': fallback shader 'Universal Render Pipeline/Particles/SimpleLit' not found
Refreshing native plugins compatible for Editor in 0.81 ms, found 1 plugins.
Preloading 0 native plugins for Editor in 0.00 ms.
Unloading 3265 Unused Serialized files (Serialized files now loaded: 0)
System memory in use before: 149.1 MB.
System memory in use after: 149.2 MB.

Unloading 13 unused Assets to reduce memory usage. Loaded Objects now: 4015.
Total: 3.326600 ms (FindLiveObjects: 0.456300 ms CreateObjectMapping: 0.225700 ms MarkObjects: 2.483300 ms  DeleteObjects: 0.159400 ms)

========================================================================
Received Prepare
Registering precompiled user dll's ...
Registered in 0.001605 seconds.
Begin MonoManager ReloadAssembly
Native extension for WindowsStandalone target not found
Native extension for WebGL target not found
Refreshing native plugins compatible for Editor in 0.94 ms, found 1 plugins.
Preloading 0 native plugins for Editor in 0.00 ms.
Invoked RoslynAnalysisRunner static constructor.
RoslynAnalysisRunner will not be running.
RoslynAnalysisRunner has terminated.
Mono: successfully reloaded assembly
- Completed reload, in  1.170 seconds
Platform modules already initialized, skipping
Shader 'Universal Render Pipeline/Particles/Lit': fallback shader 'Universal Render Pipeline/Particles/SimpleLit' not found
Refreshing native plugins compatible for Editor in 0.79 ms, found 1 plugins.
Preloading 0 native plugins for Editor in 0.00 ms.
Unloading 3265 Unused Serialized files (Serialized files now loaded: 0)
System memory in use before: 148.9 MB.
System memory in use after: 149.1 MB.

Unloading 13 unused Assets to reduce memory usage. Loaded Objects now: 4018.
Total: 3.726300 ms (FindLiveObjects: 0.764900 ms CreateObjectMapping: 0.379100 ms MarkObjects: 2.429400 ms  DeleteObjects: 0.151000 ms)

